<?xml version="1.0" encoding="UTF-8"?><testsuite errors="5" failures="0" name="Find taxi stands by proximity" skipped="0" tests="6" time="4.01" timestamp="2017-07-195 05:57:40"><testcase name="All the taxi ranks within a given distance should be shown"><error message="Lexing failed on line: 1, column: 1, while reading 'c', no possible valid JSON value or punctuation could be recognized." type="groovy.json.JsonException">Lexing failed on line: 1, column: 1, while reading 'c', no possible valid JSON value or punctuation could be recognized.</error><system-err>Lexing failed on line: 1, column: 1, while reading 'c', no possible valid JSON value or punctuation could be recognized.&#13;
groovy.json.JsonLexer.nextToken(JsonLexer.java:85)&#13;
net.serenitybdd.taxi.glue.FindingTaxiStandSteps.taxiRanksShouldBeFound(FindingTaxiStandSteps.java:76)&#13;
</system-err></testcase><testcase name="The closest taxi rank should appear first"/><testcase name="Where there are no taxi stands nearby none should be found"><error message="Lexing failed on line: 1, column: 1, while reading 'c', no possible valid JSON value or punctuation could be recognized." type="groovy.json.JsonException">Lexing failed on line: 1, column: 1, while reading 'c', no possible valid JSON value or punctuation could be recognized.</error><system-err>Lexing failed on line: 1, column: 1, while reading 'c', no possible valid JSON value or punctuation could be recognized.&#13;
groovy.json.JsonLexer.nextToken(JsonLexer.java:85)&#13;
net.serenitybdd.taxi.glue.FindingTaxiStandSteps.noTaxiRacksShouldBeReturned(FindingTaxiStandSteps.java:70)&#13;
</system-err></testcase></testsuite>